[debug] [2017-08-02T17:41:02.588Z] ----------------------------------------------------------------------
[debug] [2017-08-02T17:41:02.590Z] Command:      /Users/Andrew/.nvm/versions/node/v6.9.2/bin/node /Users/Andrew/.nvm/versions/node/v6.9.2/bin/firebase serve
[debug] [2017-08-02T17:41:02.591Z] CLI Version:  3.9.1
[debug] [2017-08-02T17:41:02.591Z] Platform:     darwin
[debug] [2017-08-02T17:41:02.591Z] Node Version: v6.9.2
[debug] [2017-08-02T17:41:02.591Z] Time:         Wed Aug 02 2017 18:41:02 GMT+0100 (BST)
[debug] [2017-08-02T17:41:02.592Z] ----------------------------------------------------------------------
[debug] 
[debug] [2017-08-02T17:41:02.606Z] > command requires scopes: ["email","openid","https://www.googleapis.com/auth/cloudplatformprojects.readonly","https://www.googleapis.com/auth/firebase","https://www.googleapis.com/auth/cloud-platform"]
[debug] [2017-08-02T17:41:02.606Z] > authorizing via signed-in user
[debug] [2017-08-02T17:41:02.609Z] >>> HTTP REQUEST GET https://admin.firebase.com/v1/projects/majorityweb  
 Wed Aug 02 2017 18:41:02 GMT+0100 (BST)
[debug] [2017-08-02T17:41:03.835Z] <<< HTTP RESPONSE 200
[debug] [2017-08-02T17:41:03.836Z] >>> HTTP REQUEST GET https://admin.firebase.com/v1/database/majorityweb/tokens  
 Wed Aug 02 2017 18:41:03 GMT+0100 (BST)
[debug] [2017-08-02T17:41:04.635Z] <<< HTTP RESPONSE 200
[info] 
[info] === Serving from '/Users/Andrew/AndroidStudioProjects/Majority/Majority_repo/Majority_Andy/MajorityApplication_Andy'...
[info] 
[debug] [2017-08-02T17:41:04.639Z] >>> HTTP REQUEST GET https://cloudresourcemanager.googleapis.com/v1/projects/majorityweb  
 Wed Aug 02 2017 18:41:04 GMT+0100 (BST)
[debug] [2017-08-02T17:41:05.578Z] <<< HTTP RESPONSE 200
[debug] [2017-08-02T17:41:05.579Z] >>> HTTP REQUEST GET https://mobilesdk-pa.googleapis.com/v1/projects/1052849591343/clients/_:getWebAppConfig  
 Wed Aug 02 2017 18:41:05 GMT+0100 (BST)
[debug] [2017-08-02T17:41:06.127Z] <<< HTTP RESPONSE 200
[info] i  hosting: Serving hosting files from: public
[info] ✔  hosting: Local server: http://localhost:5000

